<?xml version="1.0" encoding="UTF-8"?>
<!-- Generated by org.testng.reporters.JUnitReportReporter -->
<testsuite skipped="0" hostname="DESKTOP-FFPCJPK" name="com.restassured.example.TC003_GET_REQUEST" tests="1" failures="0" timestamp="2020-02-28T16:01:00 IST" time="2.567" errors="0">
  <testcase name="verifyHeaders" time="2.567" classname="com.restassured.example.TC003_GET_REQUEST"/>
  <system-out/>
</testsuite> <!-- com.restassured.example.TC003_GET_REQUEST -->
