<?xml version="1.0" encoding="UTF-8"?>
<!-- Generated by org.testng.reporters.JUnitReportReporter -->
<testsuite skipped="0" hostname="DESKTOP-FFPCJPK" name="com.restassured.example.T006_AuthorizationTest" tests="1" failures="0" timestamp="2020-02-28T17:02:17 IST" time="2.980" errors="0">
  <testcase name="AuthorizationTest" time="2.980" classname="com.restassured.example.T006_AuthorizationTest"/>
  <system-out/>
</testsuite> <!-- com.restassured.example.T006_AuthorizationTest -->
