<?xml version="1.0" encoding="UTF-8"?>
<!-- Generated by org.testng.reporters.JUnitReportReporter -->
<testsuite skipped="0" hostname="DESKTOP-FFPCJPK" name="com.restassured.example.TC002_POST_REQUEST" tests="1" failures="0" timestamp="2020-02-28T14:58:37 IST" time="3.229" errors="0">
  <testcase name="RegistrationSuccessful" time="3.229" classname="com.restassured.example.TC002_POST_REQUEST"/>
  <system-out/>
</testsuite> <!-- com.restassured.example.TC002_POST_REQUEST -->
