<?xml version="1.0" encoding="UTF-8"?>
<!-- Generated by org.testng.reporters.JUnitReportReporter -->
<testsuite skipped="0" hostname="DESKTOP-FFPCJPK" name="com.restassured.example.TC004_GET_REQUEST_PRINTALLHEADERS" tests="1" failures="0" timestamp="2020-02-28T15:49:40 IST" time="2.533" errors="0">
  <testcase name="getWeatherDetails" time="2.533" classname="com.restassured.example.TC004_GET_REQUEST_PRINTALLHEADERS"/>
  <system-out/>
</testsuite> <!-- com.restassured.example.TC004_GET_REQUEST_PRINTALLHEADERS -->
