<?xml version="1.0" encoding="UTF-8"?>
<!-- Generated by org.testng.reporters.JUnitReportReporter -->
<testsuite skipped="0" hostname="DESKTOP-FFPCJPK" name="com.restassured.example.GET_REQUEST_001" tests="1" failures="0" timestamp="2020-02-28T14:27:22 IST" time="2.968" errors="0">
  <testcase name="getWeatherDetails" time="2.968" classname="com.restassured.example.GET_REQUEST_001"/>
  <system-out/>
</testsuite> <!-- com.restassured.example.GET_REQUEST_001 -->
