<?xml version="1.0" encoding="UTF-8"?>
<!-- Generated by org.testng.reporters.JUnitReportReporter -->
<testsuite skipped="0" hostname="DESKTOP-FFPCJPK" name="com.restassured.example.TC001_GET_REQUEST" tests="1" failures="0" timestamp="2020-02-28T16:06:11 IST" time="2.607" errors="0">
  <testcase name="getWeatherDetails" time="2.607" classname="com.restassured.example.TC001_GET_REQUEST"/>
  <system-out/>
</testsuite> <!-- com.restassured.example.TC001_GET_REQUEST -->
