<?xml version="1.0" encoding="UTF-8"?>
<!-- Generated by org.testng.reporters.JUnitReportReporter -->
<testsuite skipped="0" hostname="DESKTOP-FFPCJPK" name="com.restassured.example.DataDriverTest_NewEmployee" tests="5" failures="0" timestamp="2020-03-03T12:49:01 IST" time="6.491" errors="0">
  <testcase name="postNewEmployees" time="3.117" classname="com.restassured.example.DataDriverTest_NewEmployee"/>
  <system-out/>
  <testcase name="postNewEmployees" time="0.848" classname="com.restassured.example.DataDriverTest_NewEmployee"/>
  <system-out/>
  <testcase name="postNewEmployees" time="0.866" classname="com.restassured.example.DataDriverTest_NewEmployee"/>
  <system-out/>
  <testcase name="postNewEmployees" time="0.831" classname="com.restassured.example.DataDriverTest_NewEmployee"/>
  <system-out/>
  <testcase name="postNewEmployees" time="0.829" classname="com.restassured.example.DataDriverTest_NewEmployee"/>
  <system-out/>
</testsuite> <!-- com.restassured.example.DataDriverTest_NewEmployee -->
