<?xml version="1.0" encoding="UTF-8"?>
<!-- Generated by org.testng.reporters.JUnitReportReporter -->
<testsuite skipped="0" hostname="DESKTOP-FFPCJPK" name="com.restassured.example.TC005_GET_ValidateJSONResponse" tests="1" failures="0" timestamp="2020-02-28T16:47:34 IST" time="3.269" errors="0">
  <testcase name="validateJSONResponse" time="3.269" classname="com.restassured.example.TC005_GET_ValidateJSONResponse"/>
  <system-out/>
</testsuite> <!-- com.restassured.example.TC005_GET_ValidateJSONResponse -->
